<?xml version="1.0" encoding="UTF-8"?>
<!-- Generated by org.testng.reporters.JUnitXMLReporter -->
<testsuite hostname="HOME" name="Default test" tests="4" failures="0" timestamp="28 Oct 2019 08:34:21 GMT" time="0.347" errors="0">
  <testcase name="m1" time="0.108" classname="christmasPackage.ChristmasClass"/>
  <testcase name="m2" time="0.014" classname="christmasPackage.ChristmasClass"/>
  <testcase name="m3" time="0.011" classname="christmasPackage.ChristmasClass"/>
  <testcase name="m4" time="0.01" classname="christmasPackage.ChristmasClass"/>
</testsuite> <!-- Default test -->
